<?xml version="1.0" encoding="UTF-8"?>
<!-- Generated by org.testng.reporters.JUnitXMLReporter -->
<testsuite hostname="ABHISHEK-PC" ignored="0" name="Test" tests="1" failures="1" timestamp="18 Jan 2018 15:13:38 GMT" time="246.393" errors="0">
  <testcase name="loginFlipkart" time="15.303" classname="com.automation.framework.TestApp.DataProviderTest">
    <failure type="org.testng.internal.reflect.MethodMatcherException" message="
Data provider mismatch
Method: loginFlipkart([Parameter{index=0, type=java.lang.String, declaredAnnotations=[]}, Parameter{index=1, type=java.lang.String, declaredAnnotations=[]}])
Arguments: [(java.lang.String)sweta,(java.lang.String)ss123,null]">
      <![CDATA[org.testng.internal.reflect.MethodMatcherException: 
Data provider mismatch
Method: loginFlipkart([Parameter{index=0, type=java.lang.String, declaredAnnotations=[]}, Parameter{index=1, type=java.lang.String, declaredAnnotations=[]}])
Arguments: [(java.lang.String)sweta,(java.lang.String)ss123,null]
... Removed 20 stack frames]]>
    </failure>
  </testcase> <!-- loginFlipkart -->
</testsuite> <!-- Test -->
